BOT NAME: srvive
16 1 19 0
5 6 19 0
10 4 18 0
7 5 17 0
8 8 18 0
18 2 18 0
0 8 18 0
17 9 18 0
10 1 18 0
0 3 19 0
16 6 19 0
10 2 18 0
8 4 18 0
6 0 18 0
17 8 18 0
1 6 18 0
12 4 18 0
15 9 18 0
10 1 17 0
13 2 18 0
7 6 18 0
0 4 18 0
10 7 17 0
17 3 18 0
10 1 18 0
15 2 18 0
10 9 18 0
18 6 18 0
2 5 18 0
8 7 18 0
12 8 18 0
5 4 18 0
14 1 18 0
0 1 19 0
8 2 17 0
3 9 18 0
18 6 19 0
10 7 18 0
8 4 18 0
2 5 17 0
10 3 16 0
12 7 17 0
12 8 16 0
17 0 18 0
6 1 18 0
1 6 18 0
4 5 18 0
17 4 18 0
12 2 18 0
10 6 16 0
7 8 18 0
10 8 16 0
1 0 18 0
15 9 18 0
12 0 18 0
6 3 18 0
12 1 18 0
8 5 18 0
17 7 18 0
3 6 18 0
17 0 18 0
8 2 18 0
4 9 18 0
11 4 18 0
6 8 18 0
0 2 19 0
0 4 19 0
12 0 18 0
10 7 18 0
14 6 18 0
8 2 18 0
7 2 17 0
14 5 17 0
15 8 18 0
17 9 18 0
11 8 17 0
0 3 18 0
8 5 17 0
1 1 17 0
18 4 16 0
17 0 18 0
9 7 18 0
6 6 18 0
15 9 18 0
10 1 18 0
0 4 19 0
9 2 18 0
5 6 19 0
18 8 19 0
2 4 18 0
2 1 18 0
18 8 18 0
11 5 17 0
0 8 18 1
7 7 16 0
15 2 18 0
17 0 18 0
9 3 18 0
10 3 16 0
5 7 16 0
17 9 18 0
7 3 16 0
8 7 15 0
15 1 18 0
17 5 18 0
14 2 18 0
6 0 18 0
12 8 18 0
17 4 18 0
10 7 18 0
17 5 18 0
13 0 17 0
10 3 18 0
7 7 17 0
5 2 17 0
15 9 17 0
0 3 18 0
8 6 17 0
3 9 18 0
7 6 18 0
16 1 19 0
13 0 17 0
6 4 18 0
10 7 17 0
15 1 17 0
12 2 18 0
10 9 17 0
14 6 17 0
10 4 17 0
7 1 17 0
9 8 18 0
18 5 19 0
8 7 18 0
0 1 19 0
13 4 18 0
17 3 18 0
16 6 18 0
10 6 16 0
4 9 18 0
17 8 18 0
0 1 18 0
12 6 17 0
15 2 18 0
2 4 17 0
11 5 15 0
15 9 17 0
1 0 16 0
11 3 16 0
10 9 15 0
17 7 16 0
11 2 16 0
10 5 16 0
15 6 16 0
6 0 18 0
4 3 18 0
11 1 18 0
8 8 18 0
18 7 18 0
6 4 18 0
17 9 18 0
14 1 18 0
0 1 19 0
14 4 18 0
5 7 19 0
13 7 18 0
17 0 18 0
12 1 18 0
18 5 19 0
4 9 18 0
8 2 18 0
16 5 19 0
17 8 18 0
10 1 17 0
9 5 18 0
10 4 18 0
9 2 17 0
0 1 16 0
8 2 14 0
10 5 16 0
8 4 14 0
17 7 18 0
9 6 16 0
15 9 18 0
8 5 17 0
13 8 18 0
10 3 16 0
6 0 18 0
15 9 18 0
10 1 17 0
10 7 18 0
8 2 17 0
11 5 18 0
9 4 18 0
7 2 17 0
16 8 19 0
0 7 19 0
8 8 17 0
3 6 17 0
17 0 18 0
10 2 17 0
8 7 16 0
3 4 18 0
17 9 18 0
12 4 18 0
7 7 17 0
12 2 18 0
2 3 17 0
10 1 18 0
10 1 17 0
9 5 18 0
17 7 18 0
8 2 17 0
10 9 18 0
17 6 17 0
4 5 18 0
17 0 18 0
10 4 18 0
13 8 18 0
11 2 18 0
4 5 17 0
10 4 16 0
9 1 17 0
18 8 16 0
10 1 15 0
14 8 17 0
0 7 17 0
17 9 18 0
16 4 19 0
2 8 17 0
9 4 17 0
17 2 18 0
10 1 18 0
13 0 16 0
0 8 17 0
3 9 15 0
9 3 17 0
6 6 17 0
11 7 16 0
10 2 17 0
14 4 17 0
12 4 17 0
10 1 17 0
6 6 18 0
12 2 18 0
12 2 18 0
8 8 18 0
17 5 18 0
10 1 18 0
14 7 18 0
10 1 16 0
12 3 18 0
15 9 18 0
2 4 18 0
18 8 18 0
16 4 17 0
17 2 18 0
8 3 16 0
8 4 15 0
10 1 17 0
11 7 18 0
4 7 17 0
3 9 18 0
15 6 18 0
9 8 18 0
14 1 18 0
9 1 18 0
16 4 19 0
10 4 17 0
16 7 19 0
1 0 18 0
12 8 18 0
8 6 18 0
11 2 18 0
12 6 18 0
10 1 18 0
8 2 17 0
13 4 18 0
12 8 18 0
10 2 16 0
12 6 18 0
9 3 17 0
2 3 15 0
10 8 16 0
17 5 18 0
3 5 15 0
9 6 16 0
14 2 15 0
13 8 15 0
6 0 15 0
16 3 15 0
11 3 13 0
1 6 15 0
15 9 15 0
9 5 15 0
1 7 15 0
9 0 16 0
17 9 18 0
14 3 16 0
2 5 15 0
17 0 18 0
10 9 18 0
12 0 18 0
8 2 18 0
7 6 18 0
11 4 18 0
11 3 17 0
10 9 18 0
1 1 18 0
17 0 18 0
7 4 17 0
10 4 15 0
17 6 18 0
9 7 18 0
6 7 17 0
1 5 16 0
12 1 17 0
3 2 15 0
11 4 14 0
17 0 15 0
17 9 18 0
7 7 18 0
17 9 18 0
12 2 18 0
15 1 18 0
7 5 18 0
10 8 18 0
18 5 19 0
16 5 18 0
13 7 18 0
4 9 18 0
11 5 17 0
18 2 19 0
16 1 19 0
9 3 18 0
4 1 17 0
8 5 16 0
6 8 18 0
9 2 17 0
15 7 18 0
10 5 16 0
8 8 17 0
11 2 16 0
12 8 16 0
17 0 18 0
14 2 16 0
8 4 15 0
1 6 17 0
10 6 16 0
14 8 17 0
0 1 17 0
10 3 16 0
14 5 16 0
10 8 16 0
16 3 15 0
1 0 16 0
17 9 17 0
9 8 16 0
5 6 17 0
1 1 16 0
7 5 16 0
9 7 16 0
17 0 17 0
3 2 16 0
17 3 18 0
10 1 17 0
3 4 18 0
7 6 18 0
8 2 16 0
12 8 18 0
4 6 18 0
17 5 18 0
4 4 17 0
12 8 18 0
1 0 17 0
10 3 16 0
17 7 18 0
9 1 17 0
17 9 18 0
15 6 18 0
12 7 18 0
10 4 18 0
17 0 18 0
4 6 18 0
12 7 18 0
5 3 18 0
17 1 18 0
8 3 17 0
15 5 18 0
17 9 18 0
7 7 18 0
0 4 18 0
14 1 18 0
5 1 18 0
16 7 19 0
10 7 18 0
12 4 18 0
0 2 18 0
8 8 17 0
10 1 17 0
9 6 17 0
3 5 17 0
15 3 18 0
15 9 18 0
10 1 18 0
3 8 18 0
17 6 18 0
17 9 18 0
2 4 18 0
17 2 18 0
14 4 18 0
11 5 17 0
4 1 18 0
12 2 17 0
2 4 16 0
9 7 18 0
10 4 15 0
17 0 18 0
9 1 17 0
18 8 18 0
7 8 18 0
13 5 17 0
10 1 17 0
2 7 18 0
8 2 17 0
4 8 17 0
17 9 18 0
2 6 18 0
12 3 18 0
10 5 17 0
10 7 17 0
12 7 16 0
1 0 18 0
10 6 16 0
12 1 18 0
9 3 18 0
17 9 18 0
12 1 18 0
17 0 18 0
10 7 17 0
14 4 18 0
12 1 17 0
17 8 18 0
10 5 18 0
7 5 17 0
12 2 18 0
15 9 18 0
1 0 18 0
14 4 17 0
6 7 18 0
2 6 18 0
10 2 18 0
17 9 18 0
12 7 18 0
10 4 18 0
14 3 17 0
1 0 18 0
4 6 18 0
12 0 18 0
10 4 17 0
6 5 18 0
12 1 17 0
9 8 18 0
11 8 17 0
10 5 17 0
12 6 18 0
16 8 18 0
11 8 16 0
11 6 16 0
8 2 18 0
17 0 18 0
10 2 17 0
16 8 16 0
11 4 17 0
11 6 16 0
6 3 18 0
11 2 18 0
1 0 18 0
4 5 18 0
17 8 18 0
16 3 19 0
4 7 18 0
9 1 18 0
6 6 17 0
12 7 15 0
4 6 14 0
10 4 16 2
17 9 18 0
10 1 17 0
15 3 18 0
17 0 18 0
16 2 19 0
1 4 18 0
17 9 18 0
10 2 18 0
12 6 17 0
17 8 18 0
3 3 18 0
3 5 18 0
7 6 17 0
10 1 18 0
9 2 18 0
17 4 18 0
12 7 17 0
17 9 18 0
10 1 18 0
17 2 18 0
1 3 17 0
13 5 18 0
1 6 18 0
9 8 18 0
17 1 18 0
11 8 16 0
7 3 16 0
9 5 16 0
11 5 14 0
17 0 18 0
1 7 18 0
4 3 18 0
14 5 17 0
6 2 17 0
10 1 18 0
17 9 18 0
13 0 17 0
12 7 18 0
10 6 18 0
12 7 18 0
10 3 17 0
15 1 18 0
10 6 16 0
12 8 17 0
10 1 15 0
17 4 18 0
2 7 18 0
9 3 18 0
15 2 18 0
9 5 17 0
7 8 17 0
1 0 17 0
14 4 17 0
7 8 18 0
14 3 18 0
5 6 19 0
9 1 18 0
10 9 18 0
1 0 18 0
15 3 18 0
0 5 18 0
1 7 18 0
12 8 17 0
10 3 16 0
6 4 18 0
17 6 18 0
3 1 18 0
8 4 17 0
3 9 18 0
15 7 18 0
9 0 18 0
14 3 18 0
9 8 18 0
10 4 16 0
1 5 18 0
9 7 18 0
2 6 17 0
9 0 18 0
8 7 16 0
0 4 17 2
17 2 18 0
9 3 17 0
12 8 17 0
1 0 18 0
9 1 17 0
5 6 18 0
5 7 17 0
1 0 17 0
15 3 17 0
17 9 18 0
15 4 18 0
4 8 18 0
15 5 18 0
10 7 17 0
18 6 16 0
12 0 18 0
15 9 18 0
16 2 18 0
16 6 17 0
10 9 16 0
7 1 18 0
18 2 19 0
7 3 18 0
11 1 18 0
7 2 17 0
11 6 18 0
10 5 18 0
18 8 18 0
6 0 18 0
5 3 18 0
10 9 18 0
11 1 17 0
16 6 19 0
4 9 18 0
18 5 19 0
16 7 19 0
11 5 18 0
14 1 18 0
17 7 17 0
9 3 18 0
4 9 18 0
8 5 18 0
18 2 19 0
9 3 18 0
9 3 16 0
17 2 18 0
10 1 18 0
9 8 17 0
14 6 17 0
10 1 16 0
15 6 18 0
7 6 17 0
17 8 18 0
0 2 19 0
5 4 18 0
15 9 18 0
2 1 17 0
18 6 17 0
8 6 17 0
10 4 16 0
14 1 17 0
5 8 18 0
1 0 18 0
14 3 18 0
4 9 18 0
10 6 18 0
10 8 18 0
2 1 18 0
9 6 18 0
16 4 19 0
0 1 19 0
10 4 18 0
17 0 17 0
10 9 18 0
9 2 18 0
4 6 18 0
17 1 18 0
12 4 18 0
14 8 18 0
1 2 17 0
16 6 18 0
9 8 18 0
11 6 17 0
3 4 18 0
10 3 16 0
9 0 17 0
1 8 17 0
14 1 16 0
2 5 17 0
15 9 18 0
10 6 17 0
17 7 18 0
11 1 17 0
9 3 18 3
2 4 18 0
18 3 17 0
2 6 17 0
16 5 16 0
11 3 15 0
8 3 13 0
9 0 15 2
10 9 18 0
13 8 17 0
17 0 18 0
9 5 17 0
15 9 18 0
17 7 18 0
14 6 17 0
4 1 18 0
12 3 18 0
8 4 16 0
10 9 18 0
0 7 17 0
12 8 16 0
10 6 15 0
14 1 17 0
6 2 17 0
1 0 18 0
10 3 17 0
17 4 18 0
10 6 17 0
2 8 17 0
10 1 17 0
12 8 17 0
3 7 17 0
4 3 17 0
6 5 17 0
10 8 15 0
12 0 18 0
17 9 18 0
10 2 17 0
11 6 15 0
10 2 15 0
15 4 17 0
17 0 16 0
11 5 16 0
10 9 16 0
12 2 16 0
14 5 16 0
14 8 16 0
2 3 15 0
12 0 16 0
3 6 17 0
18 4 17 0
3 1 17 0
9 7 18 0
15 9 18 0
18 4 18 0
12 6 18 0
0 2 18 0
5 8 18 0
17 0 18 0
17 5 18 0
12 3 18 0
4 9 18 0
12 3 17 0
9 1 18 0
10 1 16 0
1 6 18 0
12 7 18 0
3 8 18 0
17 9 18 0
0 5 19 0
11 4 17 0
18 2 17 0
9 6 17 0
10 1 17 0
10 6 16 0
2 8 16 0
17 2 18 0
13 3 18 0
9 4 18 0
11 1 18 0
1 0 18 0
18 8 19 0
0 3 19 0
10 2 17 0
0 8 19 0
8 4 17 0
17 6 18 0
7 4 17 0
10 2 16 0
1 7 18 0
10 4 15 0
17 9 18 0
10 6 16 0
3 8 17 0
10 5 14 0
9 2 15 0
2 7 15 0
17 0 18 0
10 7 16 0
3 1 18 0
15 9 18 0
9 0 18 0
17 2 18 0
12 7 18 0
13 3 18 0
12 4 18 0
10 3 15 0
6 6 17 0
9 0 17 0
6 5 16 0
10 9 16 0
6 4 16 0
17 0 16 0
7 5 15 0
10 3 15 0
11 4 13 0
15 9 18 0
17 1 18 0
2 8 17 0
4 7 16 1
6 7 18 0
18 2 17 0
0 8 17 0
10 5 16 0
2 2 17 0
10 3 15 0
6 0 17 0
9 7 16 0
7 5 15 0
5 4 14 0
9 1 14 0
3 7 14 0
6 0 14 0
10 9 13 0
3 4 13 0
10 6 13 0
0 1 14 0
8 2 12 0
3 7 13 0
15 9 15 0
3 9 16 0
6 0 16 0
1 5 16 0
10 4 16 0
17 8 16 0
12 1 16 0
10 7 16 0
11 5 15 0
17 9 18 0
2 3 18 0
3 7 17 0
3 9 17 0
10 5 16 0
14 1 17 0
12 2 17 0
6 1 17 0
10 4 16 0
12 5 17 0
9 8 17 0
6 0 16 0
16 7 16 0
3 7 16 0
11 5 16 0
10 1 15 0
8 8 15 0
2 3 16 0
0 4 16 0
6 2 16 0
9 6 15 0
9 5 14 0
0 3 14 0
15 9 16 0
17 0 18 0
10 9 17 0
15 1 18 0
11 5 18 0
2 2 18 0
14 8 18 0
12 3 18 0
4 9 17 0
11 7 17 0
2 5 17 0
16 1 18 0
9 0 18 0
0 3 19 0
8 5 18 0
10 2 17 0
10 8 18 0
2 6 17 0
12 8 17 0
14 1 16 0
11 4 16 0
8 6 16 0
2 3 16 0
17 9 16 0
16 5 16 0
10 8 16 0
13 2 15 0
10 1 16 0
11 8 16 0
6 0 18 0
0 4 19 0
14 8 18 0
8 5 18 0
6 3 18 0
14 1 18 0
3 6 17 0
16 1 18 0
5 8 18 0
0 4 18 0
17 1 18 0
0 6 18 0
4 9 18 0
9 5 16 0
10 3 17 0
3 4 16 0
3 8 17 0
17 0 18 0
12 8 18 0
15 7 18 0
9 2 18 0
17 1 18 0
10 7 16 0
3 4 17 0
6 2 17 0
3 9 17 0
10 3 14 0
1 0 16 0
12 0 14 0
10 2 12 0
5 5 15 0
2 8 15 0
17 5 18 0
0 6 17 0
5 4 16 0
10 9 16 0
12 6 16 0
10 5 16 0
17 0 18 0
10 9 18 0
16 2 19 0
9 7 18 0
5 1 19 0
3 4 18 0
11 6 18 0
17 9 18 0
13 1 18 0
1 5 18 0
8 7 18 0
2 8 17 0
9 3 18 0
15 2 18 0
8 5 16 0
12 2 16 0
10 7 15 0
0 4 15 0
8 5 13 0
17 0 18 0
12 0 18 0
4 9 18 0
17 8 18 0
16 2 19 0
10 1 17 0
17 7 18 0
10 5 17 0
17 6 18 0
11 5 15 0
15 9 18 0
9 2 18 0
18 2 18 0
16 8 18 0
11 2 18 0
10 8 17 0
14 2 17 0
17 0 18 0
12 8 17 0
0 5 18 0
7 3 18 0
17 1 18 0
4 7 18 0
13 2 18 0
17 0 18 0
3 9 18 0
18 5 18 0
11 6 18 0
2 4 18 0
7 7 18 0
10 2 18 0
16 4 19 0
11 4 17 0
5 7 18 0
17 9 18 0
10 8 17 0
14 1 18 0
12 2 18 0
16 5 19 0
4 1 18 0
5 8 19 0
11 5 18 0
17 0 18 0
12 2 18 0
13 8 18 0
12 3 18 0
15 9 18 0
10 6 18 0
17 7 18 0
1 1 18 0
10 6 17 0
12 3 18 0
10 9 17 0
2 4 17 0
2 1 17 0
8 6 16 0
15 2 18 0
10 4 16 0
2 5 15 0
8 8 16 1
3 9 16 0
17 0 18 0
14 4 17 0
10 2 18 0
17 0 18 0
10 2 17 0
10 8 18 0
3 9 18 0
8 3 17 0
12 4 17 0
9 7 17 0
17 6 18 0
12 0 18 0
9 7 18 0
17 9 18 0
4 3 18 0
10 2 17 0
5 5 18 0
15 5 18 0
11 7 18 0
9 0 18 0
7 5 18 0
15 2 18 0
6 3 18 0
3 7 18 0
10 9 18 0
17 0 18 0
2 5 18 0
4 9 18 0
0 2 19 0
14 2 18 0
18 6 19 1
14 1 17 0
7 7 18 0
8 4 17 0
10 6 17 0
18 2 17 0
14 8 18 0
7 3 18 0
0 8 19 0
4 7 18 0
9 1 18 0
7 4 18 0
3 6 17 0
8 3 16 0
11 5 15 0
12 8 18 0
7 8 16 0
9 0 17 0
6 0 18 0
10 3 18 0
10 8 18 0
11 1 17 0
14 5 18 0
7 8 17 0
11 6 17 0
14 1 17 0
4 4 17 0
9 5 17 0
7 2 17 0
3 9 18 0
4 8 18 0
14 1 18 0
10 1 17 0
15 7 18 0
11 4 18 2
15 9 18 0
2 3 18 0
10 1 17 0
0 4 19 0
9 2 18 0
13 5 18 0
0 8 19 0
11 7 18 0
9 2 18 0
12 5 17 0
10 1 17 0
15 9 18 0
9 2 16 0
14 8 16 0
11 1 15 0
14 1 14 0
10 9 14 0
2 6 15 0
14 8 13 0
17 4 18 0
10 6 17 0
7 2 17 0
17 4 18 0
5 6 18 0
9 0 18 0
10 3 18 0
8 6 17 0
10 9 18 0
17 4 18 0
8 7 17 0
1 0 18 0
12 8 18 0
9 5 17 0
10 3 18 0
10 3 17 0
17 1 18 0
15 7 18 0
3 9 18 0
12 3 17 0
7 7 16 0
15 5 17 0
10 5 14 0
9 2 15 0
10 7 14 0
3 1 15 0
12 8 15 0
9 2 14 0
12 8 14 0
13 4 13 0
10 7 13 0
1 5 12 0
6 0 15 0
17 0 18 0
10 8 16 0
3 1 17 0
6 2 18 0
10 4 16 0
2 6 16 0
15 9 17 0
6 2 17 0
1 0 17 0
7 8 18 0
10 5 18 0
2 1 18 0
9 6 18 0
10 9 18 0
14 4 18 0
10 1 18 0
7 5 18 0
17 2 18 0
5 8 19 0
10 5 17 0
17 3 18 0
12 7 18 0
17 6 18 0
15 9 18 0
12 3 16 0
6 5 16 0
10 1 18 0
12 3 16 0
10 2 18 0
8 5 15 0
10 8 17 0
8 7 15 0
17 0 18 0
10 2 17 0
15 9 17 0
5 1 18 0
8 1 17 0
10 4 17 0
16 6 18 0
3 9 18 0
17 2 18 0
10 6 18 0
12 7 18 0
4 1 18 0
17 9 18 0
11 4 18 0
9 6 18 0
17 8 18 0
6 0 18 0
9 3 18 0
11 3 17 0
17 5 18 0
9 6 18 0
5 1 19 0
16 2 18 0
5 1 17 0
15 9 18 0
18 6 18 0
9 6 18 0
1 8 18 0
5 2 18 0
9 4 18 0
7 8 18 0
16 3 19 0
10 9 16 0
14 1 18 0
10 1 16 0
12 5 18 0
17 3 18 0
8 6 18 0
6 4 18 0
2 7 17 0
17 2 18 0
7 8 18 0
10 1 18 0
3 3 18 0
10 5 18 0
8 4 16 0
1 6 18 0
8 8 18 0
11 1 18 0
14 1 18 0
10 7 17 0
12 8 18 0
16 2 18 0
12 4 18 0
17 9 18 0
14 1 18 0
18 7 19 0
0 1 19 0
16 4 19 0
16 3 18 0
5 7 19 0
10 8 18 0
8 5 17 0
14 1 18 0
10 1 17 0
16 7 18 0
0 5 17 0
12 2 18 0
17 9 18 0
12 2 18 0
10 1 17 0
2 7 18 0
10 8 17 0
14 5 18 0
9 3 18 0
17 9 18 0
11 2 18 0
9 0 18 0
10 8 17 0
3 6 18 0
6 5 18 0
3 2 18 0
10 4 18 0
8 7 17 0
11 5 16 0
12 8 17 0
17 0 18 0
12 6 17 0
9 3 18 0
12 8 17 0
4 2 17 0
12 0 18 0
15 3 18 0
10 3 15 0
10 3 13 0
17 4 17 0
17 5 18 0
12 0 18 0
9 7 18 0
17 9 18 0
3 1 17 0
4 7 17 0
10 6 17 0
5 6 16 0
9 8 17 0
15 4 17 0
2 8 16 0
9 0 17 0
10 4 16 0
12 1 17 0
17 6 18 0
0 8 18 0
9 2 16 0
17 0 18 0
12 8 17 0
6 5 18 0
9 4 17 0
12 0 17 0
10 4 15 0
17 7 18 0
15 6 18 0
17 2 18 0
5 8 17 0
12 0 17 0
10 4 16 0
2 1 16 0
11 6 16 0
3 9 18 0
9 8 18 0
7 4 18 0
10 1 18 0
14 3 18 0
7 6 18 0
1 8 18 0
9 6 18 0
0 1 19 0
5 4 19 0
12 8 18 0
10 5 18 0
17 6 18 0
10 5 16 0
12 1 18 0
15 6 14 0
10 4 14 2
12 2 17 0
10 8 16 0
4 8 14 0
12 2 15 0
15 7 13 0
9 3 13 0
9 2 12 0
12 4 11 0
17 0 18 0
17 9 18 0
3 1 17 0
1 0 17 0
12 0 15 0
12 8 16 0
15 9 17 0
3 7 18 0
8 5 17 0
16 2 18 0
7 1 18 0
8 6 18 0
12 7 18 0
17 9 18 0
11 4 18 0
5 1 19 0
16 2 19 0
12 7 18 0
17 6 18 0
13 4 18 0
1 2 18 0
4 1 18 0
17 0 18 0
12 2 17 0
17 5 18 0
15 1 16 0
8 8 18 0
17 9 18 0
16 7 19 0
3 4 18 0
10 7 18 0
14 6 18 0
8 2 18 0
1 8 18 0
11 4 18 0
8 6 17 0
1 0 18 0
11 3 18 0
12 8 18 0
8 1 18 0
16 5 18 0
8 2 17 0
10 4 16 0
12 8 17 0
17 7 18 0
7 8 17 0
14 1 18 0
9 5 18 0
16 2 19 0
10 5 18 0
14 1 18 0
16 8 19 0
12 5 18 0
10 1 18 0
0 3 19 0
9 8 18 0
17 7 18 0
7 1 18 0
12 3 18 0
9 8 17 0
17 6 18 0
16 1 18 0
11 8 16 0
3 5 18 0
8 3 18 0
0 5 18 0
11 4 16 0
12 6 17 0
13 0 18 0
11 2 17 0
4 9 17 0
17 1 18 0
10 8 18 0
0 3 18 0
11 6 17 0
8 4 16 0
7 7 16 0
15 9 16 0
7 1 16 0
14 6 15 0
6 0 17 0
16 3 18 0
11 3 17 0
10 6 17 0
1 0 18 0
10 2 17 0
2 8 18 0
8 3 17 0
3 7 18 0
12 8 18 0
7 8 17 0
10 3 16 0
12 4 18 0
6 0 18 0
3 6 18 0
17 1 18 0
11 5 18 0
5 3 18 0
10 8 18 0
8 3 16 0
0 6 17 0
8 8 16 0
9 0 16 0
11 5 16 0
17 9 18 0
11 8 16 0
6 0 17 0
2 3 17 0
0 6 17 0
10 8 16 0
9 2 17 0
6 4 17 0
15 9 17 0
9 6 16 0
1 0 18 0
10 2 17 0
7 4 18 0
1 0 18 0
11 6 18 0
0 3 19 0
13 8 18 0
1 2 18 0
11 5 18 0
12 0 18 0
17 9 18 0
7 6 18 0
17 4 18 0
12 7 18 0
10 6 17 0
12 0 18 0
17 3 18 0
3 2 18 0
10 9 18 0
11 1 18 0
11 7 18 0
10 5 18 0
7 2 18 0
8 4 17 0
3 9 18 0
9 6 18 0
17 0 18 0
8 5 18 0
13 1 18 0
9 8 18 0
7 5 18 0
1 7 18 0
13 2 18 0
11 6 17 0
1 3 18 0
17 0 18 0
1 1 18 0
8 4 17 0
1 8 18 0
15 9 18 0
9 2 18 0
10 7 18 0
12 4 18 0
8 5 17 0
8 7 17 0
13 0 18 0
4 2 18 0
3 9 18 0
10 5 17 0
17 3 18 0
9 8 17 0
3 1 18 0
8 4 16 0
12 1 17 0
9 8 16 0
7 4 15 0
10 7 18 0
13 6 17 0
15 7 16 0
1 8 15 0
7 1 16 0
17 0 18 0
12 0 18 0
18 4 19 0
16 3 19 0
0 2 18 0
10 6 18 0
17 9 18 0
8 3 16 0
9 7 18 0
11 7 18 0
13 0 18 0
9 5 18 0
10 3 17 0
17 4 18 0
15 1 18 0
10 9 18 0
7 6 18 0
14 6 18 0
18 2 19 0
8 8 18 0
7 8 18 0
18 2 19 0
2 5 18 0
18 2 18 0
10 9 17 0
9 6 18 0
12 3 18 0
7 1 18 0
16 5 18 0
4 1 18 0
3 5 18 0
11 3 18 0
17 0 18 0
2 2 17 0
4 9 18 0
2 7 18 0
13 4 18 0
0 2 18 0
3 6 18 0
14 8 18 0
9 8 18 0
4 1 18 0
17 3 18 0
17 5 18 0
15 2 17 0
17 7 18 0
16 2 16 0
1 8 18 0
7 8 16 0
10 2 14 0
10 8 14 0
15 6 17 0
10 6 14 0
5 6 13 0
7 7 12 0
3 4 14 0
13 1 12 0
9 3 12 0
17 0 18 0
9 2 11 0
17 0 18 0
12 3 9 0
17 0 18 0
0 6 11 0
12 6 9 0
15 5 9 0
5 5 7 0
17 0 18 0
13 5 5 0
17 7 5 1
